
Processing punzi2.C+...
-0.8 3503 18020 0.00748074
-0.79 3503 18007 0.00748337
-0.78 3502 18001 0.00748244
-0.77 3501 17989 0.00748273
-0.76 3500 17980 0.00748242
-0.75 3500 17973 0.00748384
-0.74 3498 17962 0.00748179
-0.73 3494 17942 0.00747729
-0.72 3493 17927 0.00747819
-0.71 3490 17907 0.00747583
-0.7 3489 17878 0.00747958
-0.69 3488 17857 0.00748172
-0.68 3487 17834 0.00748426
-0.67 3486 17809 0.00748723
-0.66 3483 17780 0.00748672
-0.65 3482 17743 0.00749216
-0.64 3480 17706 0.00749546
-0.63 3479 17660 0.0075028
-0.62 3475 17586 0.0075095
-0.61 3475 17498 0.00752785
-0.6 3475 17419 0.00754444
-0.59 3473 17328 0.00755933
-0.58 3464 17218 0.00756314
-0.57 3460 17061 0.00758813
-0.56 3450 16916 0.00759767
-0.55 3436 16768 0.00759924
-0.54 3425 16595 0.0076132
-0.53 3421 16403 0.00764745
-0.52 3411 16198 0.00767184
-0.51 3405 15985 0.00770777
-0.5 3398 15786 0.00773888
-0.49 3392 15542 0.00778389
-0.48 3383 15262 0.00783208
-0.47 3371 15041 0.00785976
-0.46 3357 14817 0.00788433
-0.45 3348 14594 0.00792128
-0.44 3333 14351 0.00795029
-0.43 3323 14058 0.00800615
-0.42 3308 13788 0.00804531
-0.41 3296 13444 0.0081149
-0.4 3266 13136 0.00813185
-0.39 3253 12768 0.00821173
-0.38 3235 12439 0.00827016
-0.37 3214 12081 0.00833341
-0.36 3200 11749 0.00840971
-0.35 3185 11450 0.00847527
-0.34 3165 11066 0.00856204
-0.33 3154 10748 0.0086533
-0.32 3137 10386 0.00875019
-0.31 3123 10056 0.0088479
-0.3 3104 9751 0.00892565
-0.29 3079 9449 0.00898903
-0.280001 3054 9147 0.00905663
-0.270001 3031 8838 0.00913835
-0.260001 3013 8525 0.00924301
-0.250001 2980 8262 0.00928053
-0.240001 2953 7940 0.00937376
-0.230001 2927 7671 0.00944623
-0.220001 2898 7390 0.00952157
-0.210001 2880 7139 0.00962047
-0.200001 2843 6876 0.00966915
-0.190001 2818 6657 0.00973376
-0.18 2786 6432 0.00978279
-0.17 2761 6189 0.00987509
-0.16 2735 6003 0.00992568
-0.15 2717 5811 0.0100145
-0.14 2695 5626 0.0100878
-0.13 2664 5424 0.0101471
-0.12 2640 5254 0.0102092
-0.11 2610 5059 0.0102764
-0.1 2583 4892 0.0103337
-0.0900005 2564 4743 0.0104094
-0.0800005 2531 4586 0.0104409
-0.0700005 2510 4455 0.0104975
-0.0600005 2479 4283 0.010563
-0.0500005 2461 4145 0.0106501
-0.0400005 2424 4023 0.0106392
-0.0300005 2389 3883 0.0106625
-0.0200005 2362 3749 0.0107182
-0.0100005 2328 3624 0.0107342
-4.91738e-07 2292 3505 0.0107357
0.00999951 2256 3383 0.0107447
0.0199995 2224 3264 0.0107721
0.0299995 2188 3148 0.0107793
0.0399995 2150 3030 0.0107836
0.0499995 2115 2933 0.010771
0.0599995 2087 2809 0.0108454
0.0699995 2058 2709 0.0108774
0.0799995 2026 2602 0.0109116
0.0899995 1991 2496 0.010933
0.0999995 1948 2408 0.0108771
0.109999 1912 2310 0.0108842
0.119999 1874 2224 0.0108575
0.129999 1815 2140 0.010705
0.139999 1772 2060 0.0106373
0.149999 1732 1970 0.0106141
0.16 1689 1878 0.0105815
0.17 1653 1801 0.0105576
0.18 1611 1724 0.0104981
0.19 1564 1629 0.0104604
0.2 1526 1546 0.0104535
0.21 1488 1469 0.0104338
0.22 1446 1390 0.010398
0.23 1408 1318 0.0103725
0.24 1358 1259 0.0102142
0.25 1313 1206 0.0100698
0.26 1279 1161 0.00997905
0.27 1226 1100 0.00980108
0.28 1181 1046 0.00965743
0.29 1136 991 0.00951717
0.3 1094 927 0.0094429
0.309999 1048 871 0.00930043
0.319999 1007 814 0.00920908
0.329999 962 769 0.00902161
0.339999 914 723 0.00880766
0.349999 878 692 0.00862522
0.359999 835 644 0.00846503
0.369999 796 597 0.00834055
0.379999 746 552 0.00808678
0.389999 709 520 0.00788632
0.399999 670 486 0.00767218
0.409999 640 451 0.00756655
0.419999 620 435 0.00744367
0.429999 598 408 0.00737732
0.439999 560 379 0.00712678
0.449999 526 354 0.00688846
0.459999 492 334 0.00660148
0.469999 463 310 0.00640762
0.479999 442 284 0.00634184
0.489999 412 264 0.00609069
0.499999 378 242 0.00578906
0.509999 357 224 0.00564042
0.519999 339 205 0.00554917
0.529999 320 192 0.00537602
0.539999 296 178 0.00512325
0.549999 270 167 0.00479116
0.559999 250 150 0.00462445
0.569999 227 133 0.0043964
0.579999 201 121 0.00403413
0.589999 182 110 0.00378482
0.599999 167 95 0.00366471
0.609999 140 76 0.00332732
0.619999 128 70 0.00313085
0.629999 109 58 0.00284342
0.639999 94 44 0.00268586
0.649999 81 40 0.00238587
0.659999 68 33 0.00212629
0.669999 61 27 0.00202533
0.679999 50 19 0.00183313
0.689999 45 17 0.00169971
0.699999 38 14 0.00150914
0.709999 31 11 0.00130599
0.719999 22 10 0.000947757
0.729999 16 7 0.000745612
0.739999 13 6 0.000625225
0.749999 8 5 0.000398648
0.759999 6 4 0.000311425
0.769999 4 4 0.000207616
0.779999 2 2 0.000115759
0.789999 1 0 8.01571e-05
0.799999 1 0 8.01571e-05
The optimal cut for the BDT score is: 0.0899995
Which recovers a punzi fom of: 0.010933
