
Processing punzi2_MLP.C+...
-0.8 3506 78776 0.00467057
-0.79 3506 78776 0.00467057
-0.78 3506 78776 0.00467057
-0.77 3506 78776 0.00467057
-0.76 3506 78776 0.00467057
-0.75 3506 78776 0.00467057
-0.74 3506 78776 0.00467057
-0.73 3506 78776 0.00467057
-0.72 3506 78776 0.00467057
-0.71 3506 78776 0.00467057
-0.7 3506 78776 0.00467057
-0.69 3506 78776 0.00467057
-0.68 3506 78776 0.00467057
-0.67 3506 78776 0.00467057
-0.66 3506 78776 0.00467057
-0.65 3506 78776 0.00467057
-0.64 3506 78776 0.00467057
-0.63 3506 78776 0.00467057
-0.62 3506 78776 0.00467057
-0.61 3506 78776 0.00467057
-0.6 3506 78776 0.00467057
-0.59 3506 78776 0.00467057
-0.58 3506 78776 0.00467057
-0.57 3506 78776 0.00467057
-0.56 3506 78776 0.00467057
-0.55 3506 78776 0.00467057
-0.54 3506 78776 0.00467057
-0.53 3506 78776 0.00467057
-0.52 3506 78776 0.00467057
-0.51 3506 78776 0.00467057
-0.5 3506 78776 0.00467057
-0.49 3506 78776 0.00467057
-0.48 3506 78776 0.00467057
-0.47 3506 78776 0.00467057
-0.46 3506 78776 0.00467057
-0.45 3506 78776 0.00467057
-0.44 3506 78776 0.00467057
-0.43 3506 78776 0.00467057
-0.42 3506 78776 0.00467057
-0.41 3506 78776 0.00467057
-0.4 3506 78776 0.00467057
-0.39 3506 78776 0.00467057
-0.38 3506 78776 0.00467057
-0.37 3506 78776 0.00467057
-0.36 3506 78776 0.00467057
-0.35 3506 78776 0.00467057
-0.34 3506 78776 0.00467057
-0.33 3506 78776 0.00467057
-0.32 3506 78776 0.00467057
-0.31 3506 78776 0.00467057
-0.3 3506 78776 0.00467057
-0.29 3506 78776 0.00467057
-0.280001 3506 78776 0.00467057
-0.270001 3506 78776 0.00467057
-0.260001 3506 78776 0.00467057
-0.250001 3506 78776 0.00467057
-0.240001 3506 78776 0.00467057
-0.230001 3506 78776 0.00467057
-0.220001 3506 78776 0.00467057
-0.210001 3506 78776 0.00467057
-0.200001 3506 78776 0.00467057
-0.190001 3506 78776 0.00467057
-0.18 3506 78776 0.00467057
-0.17 3506 78776 0.00467057
-0.16 3506 78776 0.00467057
-0.15 3506 78776 0.00467057
-0.14 3506 78776 0.00467057
-0.13 3506 78776 0.00467057
-0.12 3506 78776 0.00467057
-0.11 3506 78776 0.00467057
-0.1 3506 78776 0.00467057
-0.0900005 3506 78776 0.00467057
-0.0800005 3506 78776 0.00467057
-0.0700005 3506 78776 0.00467057
-0.0600005 3506 78776 0.00467057
-0.0500005 3506 78776 0.00467057
-0.0400005 3506 78776 0.00467057
-0.0300005 3506 78776 0.00467057
-0.0200005 3506 78776 0.00467057
-0.0100005 3506 78776 0.00467057
-4.91738e-07 3506 78776 0.00467057
0.00999951 3506 78747 0.00467142
0.0199995 3506 78674 0.00467355
0.0299995 3506 78522 0.00467799
0.0399995 3503 78312 0.00468015
0.0499995 3500 77919 0.00468772
0.0599995 3494 77265 0.00469912
0.0699995 3484 76350 0.00471319
0.0799995 3477 75275 0.00473662
0.0899995 3462 73956 0.00475734
0.0999995 3451 72639 0.00478428
0.109999 3436 71297 0.00480733
0.119999 3407 69911 0.00481294
0.129999 3390 68574 0.00483456
0.139999 3366 67126 0.00485091
0.149999 3351 65721 0.0048797
0.16 3329 64260 0.00490146
0.17 3307 62739 0.00492664
0.18 3284 61211 0.00495193
0.19 3268 59689 0.00498904
0.2 3245 58171 0.00501691
0.21 3221 56614 0.00504649
0.22 3185 55050 0.00505908
0.23 3158 53521 0.00508591
0.24 3132 51912 0.00512003
0.25 3106 50334 0.00515487
0.26 3081 48730 0.0051951
0.27 3043 47170 0.00521338
0.28 3003 45586 0.00523155
0.29 2962 43868 0.00525797
0.3 2926 42240 0.00529098
0.309999 2884 40569 0.00531891
0.319999 2830 38910 0.00532683
0.329999 2793 37288 0.0053676
0.339999 2760 35633 0.00542298
0.349999 2721 34059 0.00546543
0.359999 2679 32682 0.00549039
0.369999 2640 31351 0.00552116
0.379999 2605 30195 0.00554852
0.389999 2559 29095 0.00554986
0.399999 2519 28088 0.00555751
0.409999 2485 27064 0.00558237
0.419999 2443 26144 0.00558102
0.429999 2403 25187 0.00558996
0.439999 2358 24186 0.00559431
0.449999 2317 23307 0.00559665
0.459999 2273 22395 0.00559764
0.469999 2225 21516 0.00558677
0.479999 2189 20651 0.00560667
0.489999 2144 19848 0.00559781
0.499999 2101 19020 0.00559974
0.509999 2047 18210 0.00557176
0.519999 1996 17413 0.00555162
0.529999 1958 16645 0.00556574
0.539999 1904 15888 0.00553506
0.549999 1852 15157 0.00550743
0.559999 1798 14366 0.00548655
0.569999 1729 13641 0.00540899
0.579999 1670 12954 0.00535569
0.589999 1614 12201 0.00532695
0.599999 1556 11546 0.00527311
0.609999 1494 10864 0.00521268
0.619999 1439 10175 0.00518048
0.629999 1384 9515 0.0051445
0.639999 1323 8920 0.00507141
0.649999 1257 8331 0.00497757
0.659999 1187 7752 0.00486394
0.669999 1131 7229 0.00479048
0.679999 1077 6654 0.00474417
0.689999 1026 6117 0.00470262
0.699999 967 5587 0.0046254
0.709999 907 5124 0.00451825
0.719999 848 4681 0.00440705
0.729999 783 4242 0.00426068
0.739999 725 3862 0.00412117
0.749999 674 3499 0.00401071
0.759999 628 3166 0.0039137
0.769999 569 2853 0.00372001
0.779999 519 2532 0.00358381
0.789999 470 2226 0.00344163
0.799999 412 1937 0.00321302
The optimal cut for the MLP score is: 0.479999
Which recovers a punzi fom of: 0.00560667
