
Processing punzi.C+...
-0.8 3506 18015 0.00748815
-0.79 3506 18004 0.00749038
-0.78 3506 17996 0.007492
-0.77 3506 17981 0.00749504
-0.76 3506 17954 0.00750053
-0.75 3506 17934 0.00750459
-0.74 3506 17904 0.00751071
-0.73 3506 17868 0.00751807
-0.72 3506 17836 0.00752463
-0.71 3506 17789 0.0075343
-0.7 3506 17737 0.00754504
-0.69 3506 17656 0.00756186
-0.68 3506 17584 0.00757691
-0.67 3506 17506 0.00759332
-0.66 3506 17404 0.00761493
-0.65 3506 17305 0.00763609
-0.64 3506 17201 0.00765851
-0.63 3505 17061 0.00768682
-0.62 3505 16933 0.00771502
-0.61 3505 16803 0.00774399
-0.6 3505 16640 0.00778078
-0.59 3505 16476 0.00781833
-0.58 3505 16299 0.00785949
-0.57 3505 16141 0.00789678
-0.56 3505 15966 0.00793872
-0.55 3505 15762 0.00798847
-0.54 3504 15577 0.00803212
-0.53 3502 15363 0.00808165
-0.52 3501 15124 0.00814109
-0.51 3501 14930 0.00819227
-0.5 3499 14684 0.00825388
-0.49 3497 14463 0.00831009
-0.48 3497 14215 0.0083801
-0.47 3496 13957 0.00845246
-0.46 3492 13727 0.00851109
-0.45 3491 13483 0.00858294
-0.44 3491 13215 0.00866685
-0.43 3490 12953 0.00874883
-0.42 3487 12651 0.00884175
-0.41 3486 12388 0.00892957
-0.4 3482 12110 0.00901783
-0.39 3479 11831 0.00911223
-0.38 3475 11562 0.00920354
-0.37 3473 11293 0.00930351
-0.36 3470 11033 0.00940069
-0.35 3467 10736 0.00951717
-0.34 3466 10474 0.00962859
-0.33 3462 10174 0.0097533
-0.32 3460 9884 0.00988457
-0.31 3456 9584 0.0100209
-0.3 3453 9242 0.010189
-0.29 3444 8945 0.0103236
-0.280001 3438 8641 0.0104785
-0.270001 3434 8323 0.0106567
-0.260001 3423 8040 0.0108006
-0.250001 3421 7743 0.0109911
-0.240001 3404 7467 0.0111286
-0.230001 3391 7164 0.0113085
-0.220001 3384 6877 0.0115083
-0.210001 3366 6622 0.011656
-0.200001 3349 6341 0.0118401
-0.190001 3339 6058 0.012065
-0.18 3331 5775 0.0123141
-0.17 3317 5509 0.0125411
-0.16 3304 5257 0.0127735
-0.15 3283 5010 0.0129862
-0.14 3264 4760 0.0132288
-0.13 3238 4527 0.0134397
-0.12 3212 4334 0.0136099
-0.11 3187 4116 0.0138378
-0.1 3165 3881 0.0141294
-0.0900005 3140 3677 0.0143795
-0.0800005 3115 3475 0.0146498
-0.0700005 3098 3283 0.0149645
-0.0600005 3074 3081 0.0152979
-0.0500005 3041 2913 0.0155365
-0.0400005 3004 2732 0.0158148
-0.0300005 2965 2567 0.01607
-0.0200005 2933 2424 0.0163266
-0.0100005 2899 2266 0.0166509
-4.91738e-07 2863 2116 0.0169746
0.00999951 2827 1968 0.0173326
0.0199995 2793 1839 0.017668
0.0299995 2771 1715 0.0181007
0.0399995 2730 1587 0.0184786
0.0499995 2685 1464 0.0188565
0.0599995 2641 1344 0.019284
0.0699995 2586 1248 0.019528
0.0799995 2523 1128 0.0199427
0.0899995 2469 1040 0.020242
0.0999995 2398 947 0.0205021
0.109999 2349 872 0.0208355
0.119999 2275 796 0.021012
0.129999 2214 721 0.021361
0.139999 2152 646 0.0217869
0.149999 2088 581 0.0221379
0.16 2020 534 0.022213
0.17 1945 483 0.0223314
0.18 1892 424 0.0229636
0.19 1826 379 0.0232384
0.2 1770 316 0.024302
0.21 1715 284 0.0246069
0.22 1656 249 0.0250704
0.23 1601 221 0.0254322
0.24 1533 187 0.0260241
0.25 1472 168 0.02606
0.26 1397 150 0.0258414
0.27 1327 128 0.0260758
0.28 1268 105 0.0268258
0.29 1202 94 0.0264786
0.3 1141 84 0.0261728
0.309999 1070 70 0.026172
0.319999 1010 57 0.0265021
0.329999 946 50 0.0259287
0.339999 891 42 0.0258409
0.349999 817 36 0.0248722
0.359999 759 32 0.0239562
0.369999 705 25 0.0239368
0.379999 646 20 0.0233549
0.389999 590 17 0.0222851
0.399999 540 17 0.0203965
0.409999 497 13 0.020107
0.419999 454 12 0.0187313
0.429999 398 10 0.0171458
0.439999 357 9 0.0157534
0.449999 328 9 0.0144738
0.459999 290 7 0.0135142
0.469999 261 6 0.0125526
0.479999 238 4 0.0123532
0.489999 212 3 0.011549
0.499999 193 3 0.010514
0.509999 172 3 0.00936997
0.519999 151 2 0.00873978
0.529999 129 0 0.0103403
0.539999 115 0 0.00921807
0.549999 105 0 0.0084165
0.559999 85 0 0.00681335
0.569999 75 0 0.00601178
0.579999 65 0 0.00521021
0.589999 60 0 0.00480943
0.599999 51 0 0.00408801
0.609999 39 0 0.00312613
0.619999 34 0 0.00272534
0.629999 32 0 0.00256503
0.639999 26 0 0.00208408
0.649999 20 0 0.00160314
0.659999 18 0 0.00144283
0.669999 12 0 0.000961885
0.679999 10 0 0.000801571
0.689999 6 0 0.000480943
0.699999 6 0 0.000480943
0.709999 3 0 0.000240471
0.719999 2 0 0.000160314
0.729999 2 0 0.000160314
0.739999 2 0 0.000160314
0.749999 2 0 0.000160314
0.759999 1 0 8.01571e-05
0.769999 1 0 8.01571e-05
The optimal cut for the BDT score is: 0.28
Which recovers a punzi fom of: 0.0268258
