
Processing bbar.C+...
DataSetInfo              : [bbar] : Added class "Signal"
                         : Add Tree incl of type Signal with 8317 events
DataSetInfo              : [bbar] : Added class "Background"
                         : Add Tree incl of type Background with 42414 events
                         : Add Tree incl of type Background with 42517 events
                         : Add Tree incl of type Background with 42098 events
                         : Add Tree incl of type Background with 42844 events
                         : Add Tree incl of type Background with 42211 events
                         : Add Tree incl of type Background with 42341 events
                         : Add Tree incl of type Background with 41598 events
                         : Add Tree incl of type Background with 42038 events
                         : Add Tree incl of type Background with 42070 events
                         : Add Tree incl of type Background with 42211 events
                         : Add Tree incl of type Background with 28333 events
                         : Add Tree incl of type Background with 28339 events
                         : Add Tree incl of type Background with 28691 events
                         : Add Tree incl of type Background with 28452 events
                         : Add Tree incl of type Background with 28300 events
                         : Add Tree incl of type Background with 28594 events
                         : Add Tree incl of type Background with 28473 events
                         : Add Tree incl of type Background with 28410 events
                         : Add Tree incl of type Background with 28114 events
                         : Add Tree incl of type Background with 28471 events
Factory                  : Booking method: [1mBDT_bbar[0m
                         : 
                         : Rebuilding Dataset bbar
                         : Building event vectors for type 2 Signal
                         : Dataset[bbar] :  create input formulas for tree incl
                         : Building event vectors for type 0 Background
                         : Dataset[bbar] :  create input formulas for tree incl
                         : Building event vectors for type 0 Background
                         : Dataset[bbar] :  create input formulas for tree incl
                         : Building event vectors for type 0 Background
                         : Dataset[bbar] :  create input formulas for tree incl
                         : Building event vectors for type 0 Background
                         : Dataset[bbar] :  create input formulas for tree incl
                         : Building event vectors for type 0 Background
                         : Dataset[bbar] :  create input formulas for tree incl
                         : Building event vectors for type 0 Background
                         : Dataset[bbar] :  create input formulas for tree incl
                         : Building event vectors for type 0 Background
                         : Dataset[bbar] :  create input formulas for tree incl
                         : Building event vectors for type 0 Background
                         : Dataset[bbar] :  create input formulas for tree incl
                         : Building event vectors for type 0 Background
                         : Dataset[bbar] :  create input formulas for tree incl
                         : Building event vectors for type 1 Background
                         : Dataset[bbar] :  create input formulas for tree incl
                         : Building event vectors for type 0 Background
                         : Dataset[bbar] :  create input formulas for tree incl
                         : Building event vectors for type 0 Background
                         : Dataset[bbar] :  create input formulas for tree incl
                         : Building event vectors for type 0 Background
                         : Dataset[bbar] :  create input formulas for tree incl
                         : Building event vectors for type 0 Background
                         : Dataset[bbar] :  create input formulas for tree incl
                         : Building event vectors for type 0 Background
                         : Dataset[bbar] :  create input formulas for tree incl
                         : Building event vectors for type 0 Background
                         : Dataset[bbar] :  create input formulas for tree incl
                         : Building event vectors for type 0 Background
                         : Dataset[bbar] :  create input formulas for tree incl
                         : Building event vectors for type 0 Background
                         : Dataset[bbar] :  create input formulas for tree incl
                         : Building event vectors for type 0 Background
                         : Dataset[bbar] :  create input formulas for tree incl
                         : Building event vectors for type 1 Background
                         : Dataset[bbar] :  create input formulas for tree incl
DataSetFactory           : [bbar] : Number of events in input trees
                         : Dataset[bbar] :     Signal     requirement: "((tauDecay_decayModeID==1 && Bsig_decayModeID==3 && abs(m_Kpi - 1.864) > 0.2 &&  m_Krho > 1.95 && m_ROE < 2.15  )&&(deltaE_Btag<1 &&  deltaE_Btag >-4 && p_ltag < 2.5 && m_ROE<4 && best_sum > -50))&&(isSignalAcceptMissingNeutrino_Bsig==1)"
                         : Dataset[bbar] :     Signal          -- number of events passed: 2169   / sum of weights: 2169 
                         : Dataset[bbar] :     Signal          -- efficiency             : 0.260791
                         : Dataset[bbar] :     Background requirement: "(tauDecay_decayModeID==1 && Bsig_decayModeID==3 && abs(m_Kpi - 1.864) > 0.2 &&  m_Krho > 1.95 && m_ROE < 2.15  )&&(deltaE_Btag<1 &&  deltaE_Btag >-4 && p_ltag < 2.5 && m_ROE<4 && best_sum > -50)"
                         : Dataset[bbar] :     Background      -- number of events passed: 78159  / sum of weights: 78159
                         : Dataset[bbar] :     Background      -- efficiency             : 0.110625
                         : Dataset[bbar] :  you have opted for interpreting the requested number of training/testing events
                         :  to be the number of events AFTER your preselection cuts
                         : 
                         : Dataset[bbar] :  you have opted for interpreting the requested number of training/testing events
                         :  to be the number of events AFTER your preselection cuts
                         : 
                         : Dataset[bbar] : Weight renormalisation mode: "EqualNumEvents": renormalises all event classes ...
                         : Dataset[bbar] :  such that the effective (weighted) number of events in each class is the same 
                         : Dataset[bbar] :  (and equals the number of events (entries) given for class=0 )
                         : Dataset[bbar] : ... i.e. such that Sum[i=1..N_j]{w_i} = N_classA, j=classA, classB, ...
                         : Dataset[bbar] : ... (note that N_j is the sum of TRAINING events
                         : Dataset[bbar] :  ..... Testing events are not renormalised nor included in the renormalisation factor!)
                         : Number of training and testing events
                         : ---------------------------------------------------------------------------
                         : Signal     -- training events            : 1807
                         : Signal     -- testing events             : 362
                         : Signal     -- training and testing events: 2169
                         : Dataset[bbar] : Signal     -- due to the preselection a scaling factor has been applied to the numbers of requested events: 0.260791
                         : Background -- training events            : 70279
                         : Background -- testing events             : 7880
                         : Background -- training and testing events: 78159
                         : Dataset[bbar] : Background -- due to the preselection a scaling factor has been applied to the numbers of requested events: 0.110625
                         : 
DataSetInfo              : Correlation matrix (Signal):
                         : -------------------------------------------------------------------------------
                         :                   deltaE_Btag  p_ltag   m_ROE nLepton nPhotonsSelected best_sum
                         :      deltaE_Btag:      +1.000  +0.820  +0.172  -0.091           -0.030   +0.603
                         :           p_ltag:      +0.820  +1.000  -0.073  -0.093           -0.026   +0.494
                         :            m_ROE:      +0.172  -0.073  +1.000  +0.002           +0.095   +0.032
                         :          nLepton:      -0.091  -0.093  +0.002  +1.000           -0.055   -0.070
                         : nPhotonsSelected:      -0.030  -0.026  +0.095  -0.055           +1.000   -0.060
                         :         best_sum:      +0.603  +0.494  +0.032  -0.070           -0.060   +1.000
                         : -------------------------------------------------------------------------------
DataSetInfo              : Correlation matrix (Background):
                         : -------------------------------------------------------------------------------
                         :                   deltaE_Btag  p_ltag   m_ROE nLepton nPhotonsSelected best_sum
                         :      deltaE_Btag:      +1.000  +0.878  +0.141  -0.080           -0.059   +0.695
                         :           p_ltag:      +0.878  +1.000  -0.096  -0.122           -0.046   +0.585
                         :            m_ROE:      +0.141  -0.096  +1.000  +0.024           +0.066   +0.054
                         :          nLepton:      -0.080  -0.122  +0.024  +1.000           -0.090   -0.037
                         : nPhotonsSelected:      -0.059  -0.046  +0.066  -0.090           +1.000   -0.074
                         :         best_sum:      +0.695  +0.585  +0.054  -0.037           -0.074   +1.000
                         : -------------------------------------------------------------------------------
DataSetFactory           : [bbar] :  
                         : 
Factory                  : [1mTrain all methods[0m
Factory                  : [bbar] : Create Transformation "I" with events from all classes.
                         : 
                         : Transformation, Variable selection : 
                         : Input : variable 'deltaE_Btag' <---> Output : variable 'deltaE_Btag'
                         : Input : variable 'p_ltag' <---> Output : variable 'p_ltag'
                         : Input : variable 'm_ROE' <---> Output : variable 'm_ROE'
                         : Input : variable 'nLepton' <---> Output : variable 'nLepton'
                         : Input : variable 'nPhotonsSelected' <---> Output : variable 'nPhotonsSelected'
                         : Input : variable 'best_sum' <---> Output : variable 'best_sum'
TFHandler_Factory        :         Variable                Mean                RMS        [        Min                Max ]
                         : ---------------------------------------------------------------------------------------------------
                         :      deltaE_Btag:           -1.8024           0.62751   [           -3.6781           0.81908 ]
                         :           p_ltag:            1.1905           0.52931   [          0.051457            2.4986 ]
                         :            m_ROE:            1.8684           0.15411   [           0.22144            2.1500 ]
                         :          nLepton:            2.2058           0.46244   [            2.0000            6.0000 ]
                         : nPhotonsSelected:            4.7271            1.8269   [            2.0000            14.000 ]
                         :         best_sum:           -3.8233            6.4727   [           -49.943            7.2898 ]
                         : ---------------------------------------------------------------------------------------------------
                         : Ranking input variables (method unspecific)...
IdTransformation         : Ranking result (top variable is best ranked)
                         : -----------------------------------------
                         : Rank : Variable         : Separation
                         : -----------------------------------------
                         :    1 : best_sum         : 1.470e-01
                         :    2 : deltaE_Btag      : 1.050e-01
                         :    3 : p_ltag           : 7.871e-02
                         :    4 : nPhotonsSelected : 5.064e-02
                         :    5 : m_ROE            : 3.171e-02
                         :    6 : nLepton          : 7.184e-03
                         : -----------------------------------------
Factory                  : Train method: BDT_bbar for Classification
                         : 
BDT_bbar                 : #events: (reweighted) sig: 36043 bkg: 36043
                         : #events: (unweighted) sig: 1807 bkg: 70279
                         : Training 400 Decision Trees ... patience please
                         : Elapsed time for training with 72086 events: [1;31m12 sec[0m         
BDT_bbar                 : [bbar] : Evaluation of BDT_bbar on training sample (72086 events)
                         : Elapsed time for evaluation of 72086 events: [1;31m1.07 sec[0m       
                         : Creating xml weight file: [0;36mbbar/weights/bbar_BDT_BDT_bbar.weights.xml[0m
                         : Creating standalone class: [0;36mbbar/weights/bbar_BDT_BDT_bbar.class.C[0m
                         : bbar_BDT.root:/bbar/Method_BDT/BDT_bbar
Factory                  : Training finished
                         : 
                         : Ranking input variables (method specific)...
BDT_bbar                 : Ranking result (top variable is best ranked)
                         : --------------------------------------------------
                         : Rank : Variable         : Variable Importance
                         : --------------------------------------------------
                         :    1 : best_sum         : 2.710e-01
                         :    2 : deltaE_Btag      : 2.453e-01
                         :    3 : p_ltag           : 1.623e-01
                         :    4 : nPhotonsSelected : 1.396e-01
                         :    5 : m_ROE            : 1.275e-01
                         :    6 : nLepton          : 5.426e-02
                         : --------------------------------------------------
Factory                  : === Destroy and recreate all methods via weight files for testing ===
                         : 
                         : Reading weight file: [0;36mbbar/weights/bbar_BDT_BDT_bbar.weights.xml[0m
Factory                  : [1mTest all methods[0m
Factory                  : Test method: BDT_bbar for Classification performance
                         : 
BDT_bbar                 : [bbar] : Evaluation of BDT_bbar on testing sample (8242 events)
                         : Elapsed time for evaluation of 8242 events: [1;31m0.112 sec[0m       
Factory                  : [1mEvaluate all methods[0m
Factory                  : Evaluate classifier: BDT_bbar
                         : 
BDT_bbar                 : [bbar] : Loop over test events and fill histograms with classifier response...
                         : 
TFHandler_BDT_bbar       :         Variable                Mean                RMS        [        Min                Max ]
                         : ---------------------------------------------------------------------------------------------------
                         :      deltaE_Btag:           -1.9801           0.62703   [           -3.5450           0.26359 ]
                         :           p_ltag:            1.0677           0.54744   [          0.049610            2.4874 ]
                         :            m_ROE:            1.8860           0.15759   [           0.65159            2.1500 ]
                         :          nLepton:            2.2435           0.49827   [            2.0000            6.0000 ]
                         : nPhotonsSelected:            5.1138            1.9483   [            2.0000            14.000 ]
                         :         best_sum:           -5.3242            7.6810   [           -49.673            5.7985 ]
                         : ---------------------------------------------------------------------------------------------------
                         : 
                         : Evaluation results ranked by best signal efficiency and purity (area)
                         : -------------------------------------------------------------------------------------------------------------------
                         : DataSet       MVA                       
                         : Name:         Method:          ROC-integ
                         : bbar          BDT_bbar       : 0.812
                         : -------------------------------------------------------------------------------------------------------------------
                         : 
                         : Testing efficiency compared to training efficiency (overtraining check)
                         : -------------------------------------------------------------------------------------------------------------------
                         : DataSet              MVA              Signal efficiency: from test sample (from training sample) 
                         : Name:                Method:          @B=0.01             @B=0.10            @B=0.30   
                         : -------------------------------------------------------------------------------------------------------------------
                         : bbar                 BDT_bbar       : 0.136 (0.120)       0.469 (0.447)      0.775 (0.767)
                         : -------------------------------------------------------------------------------------------------------------------
                         : 
Dataset:bbar             : Created tree 'TestTree' with 8242 events
                         : 
Dataset:bbar             : Created tree 'TrainTree' with 72086 events
                         : 
Factory                  : [1mThank you for using TMVA![0m
                         : [1mFor citation information, please visit: http://tmva.sf.net/citeTMVA.html[0m
--- Launch TMVA GUI to view input file: bbar_BDT.root
=== Note: inactive buttons indicate classifiers that were not trained, ===
===       or functionalities that were not invoked during the training ===
--- Opening root file bbar_BDT.root in read mode
--- Open CorrGui for input file: bbar_BDT.root and type: InputVariables_Id
bbar_BDT.root:/
found number of variables='6
found histos for 6 variables='
Called macro "correlationscatters" for variable: "deltaE_Btag", transformation type "InputVariables_Id" (extension: "_Id")
noPlots: 5 --> noVars: 6
--- Found directory for method: BDT::BDT_bbar containing MVA_BDT_bbar_S/_B
--- Mean and RMS (S): 0.177046, 0.287791
--- Mean and RMS (B): -0.192397, 0.294346
--- Found directory: Method_BDT
--- Classifier: BDT_bbar
--- ==================================================================================================
--- Classifier   (  #signal, #backgr.)  Optimal-cut  S/sqrt(S+B)      NSig      NBkg   EffSig   EffBkg
--- --------------------------------------------------------------------------------------------------
---   BDT_bbar:  (     1000,     1000)      -0.1044      24.4407  850.8287  361.0406   0.8508    0.361
--- --------------------------------------------------------------------------------------------------

--- ==================================================================================================
--- Classifier   (  #signal, #backgr.)  Optimal-cut  S/sqrt(S+B)      NSig      NBkg   EffSig   EffBkg
--- --------------------------------------------------------------------------------------------------
---   BDT_bbar:  (     2169,    78159)       0.1348      11.0838  1282.227  12100.76   0.5912   0.1548
--- --------------------------------------------------------------------------------------------------

--- ==================================================================================================
--- Classifier   (  #signal, #backgr.)  Optimal-cut  S/sqrt(S+B)      NSig      NBkg   EffSig   EffBkg
--- --------------------------------------------------------------------------------------------------
---   BDT_bbar:  (     2169,     7816)      -0.0929      27.1006  1827.472   2719.73   0.8425    0.348
--- --------------------------------------------------------------------------------------------------

--- Found 1 classifier types
--- Found 1 instance(s) of the method Method_BDT
--- Found 1 classifier types
--- Found 1 instance(s) of the method Method_BDT
                         : Booking "BDT" of type "BDT" from bbar/weights/bbar_BDT_BDT_bbar.weights.xml.
                         : Reading weight file: bbar/weights/bbar_BDT_BDT_bbar.weights.xml
<HEADER> DataSetInfo              : [Default] : Added class "Signal"
<HEADER> DataSetInfo              : [Default] : Added class "Background"
                         : Booked classifier "BDT_bbar" of type: "BDT"
                         : Rebuilding Dataset Default
 Total number of entries for which BDT is evaluated= 8317
                         : Booking "BDT" of type "BDT" from bbar/weights/bbar_BDT_BDT_bbar.weights.xml.
                         : Reading weight file: bbar/weights/bbar_BDT_BDT_bbar.weights.xml
<HEADER> DataSetInfo              : [Default] : Added class "Signal"
<HEADER> DataSetInfo              : [Default] : Added class "Background"
                         : Booked classifier "BDT_bbar" of type: "BDT"
                         : Rebuilding Dataset Default
 Total number of entries for which BDT is evaluated= 8198
                         : Booking "BDT" of type "BDT" from bbar/weights/bbar_BDT_BDT_bbar.weights.xml.
                         : Reading weight file: bbar/weights/bbar_BDT_BDT_bbar.weights.xml
<HEADER> DataSetInfo              : [Default] : Added class "Signal"
<HEADER> DataSetInfo              : [Default] : Added class "Background"
                         : Booked classifier "BDT_bbar" of type: "BDT"
                         : Rebuilding Dataset Default
 Total number of entries for which BDT is evaluated= 8249
                         : Booking "BDT" of type "BDT" from bbar/weights/bbar_BDT_BDT_bbar.weights.xml.
                         : Reading weight file: bbar/weights/bbar_BDT_BDT_bbar.weights.xml
<HEADER> DataSetInfo              : [Default] : Added class "Signal"
<HEADER> DataSetInfo              : [Default] : Added class "Background"
                         : Booked classifier "BDT_bbar" of type: "BDT"
                         : Rebuilding Dataset Default
 Total number of entries for which BDT is evaluated= 8546
                         : Booking "BDT" of type "BDT" from bbar/weights/bbar_BDT_BDT_bbar.weights.xml.
                         : Reading weight file: bbar/weights/bbar_BDT_BDT_bbar.weights.xml
<HEADER> DataSetInfo              : [Default] : Added class "Signal"
<HEADER> DataSetInfo              : [Default] : Added class "Background"
                         : Booked classifier "BDT_bbar" of type: "BDT"
                         : Rebuilding Dataset Default
 Total number of entries for which BDT is evaluated= 8340
                         : Booking "BDT" of type "BDT" from bbar/weights/bbar_BDT_BDT_bbar.weights.xml.
                         : Reading weight file: bbar/weights/bbar_BDT_BDT_bbar.weights.xml
<HEADER> DataSetInfo              : [Default] : Added class "Signal"
<HEADER> DataSetInfo              : [Default] : Added class "Background"
                         : Booked classifier "BDT_bbar" of type: "BDT"
                         : Rebuilding Dataset Default
 Total number of entries for which BDT is evaluated= 8193
                         : Booking "BDT" of type "BDT" from bbar/weights/bbar_BDT_BDT_bbar.weights.xml.
                         : Reading weight file: bbar/weights/bbar_BDT_BDT_bbar.weights.xml
<HEADER> DataSetInfo              : [Default] : Added class "Signal"
<HEADER> DataSetInfo              : [Default] : Added class "Background"
                         : Booked classifier "BDT_bbar" of type: "BDT"
                         : Rebuilding Dataset Default
 Total number of entries for which BDT is evaluated= 8278
                         : Booking "BDT" of type "BDT" from bbar/weights/bbar_BDT_BDT_bbar.weights.xml.
                         : Reading weight file: bbar/weights/bbar_BDT_BDT_bbar.weights.xml
<HEADER> DataSetInfo              : [Default] : Added class "Signal"
<HEADER> DataSetInfo              : [Default] : Added class "Background"
                         : Booked classifier "BDT_bbar" of type: "BDT"
                         : Rebuilding Dataset Default
 Total number of entries for which BDT is evaluated= 2337
                         : Booking "BDT" of type "BDT" from bbar/weights/bbar_BDT_BDT_bbar.weights.xml.
                         : Reading weight file: bbar/weights/bbar_BDT_BDT_bbar.weights.xml
<HEADER> DataSetInfo              : [Default] : Added class "Signal"
<HEADER> DataSetInfo              : [Default] : Added class "Background"
                         : Booked classifier "BDT_bbar" of type: "BDT"
                         : Rebuilding Dataset Default
 Total number of entries for which BDT is evaluated= 2233
                         : Booking "BDT" of type "BDT" from bbar/weights/bbar_BDT_BDT_bbar.weights.xml.
                         : Reading weight file: bbar/weights/bbar_BDT_BDT_bbar.weights.xml
<HEADER> DataSetInfo              : [Default] : Added class "Signal"
<HEADER> DataSetInfo              : [Default] : Added class "Background"
                         : Booked classifier "BDT_bbar" of type: "BDT"
                         : Rebuilding Dataset Default
 Total number of entries for which BDT is evaluated= 2376
                         : Booking "BDT" of type "BDT" from bbar/weights/bbar_BDT_BDT_bbar.weights.xml.
                         : Reading weight file: bbar/weights/bbar_BDT_BDT_bbar.weights.xml
<HEADER> DataSetInfo              : [Default] : Added class "Signal"
<HEADER> DataSetInfo              : [Default] : Added class "Background"
                         : Booked classifier "BDT_bbar" of type: "BDT"
                         : Rebuilding Dataset Default
 Total number of entries for which BDT is evaluated= 2322
                         : Booking "BDT" of type "BDT" from bbar/weights/bbar_BDT_BDT_bbar.weights.xml.
                         : Reading weight file: bbar/weights/bbar_BDT_BDT_bbar.weights.xml
<HEADER> DataSetInfo              : [Default] : Added class "Signal"
<HEADER> DataSetInfo              : [Default] : Added class "Background"
                         : Booked classifier "BDT_bbar" of type: "BDT"
                         : Rebuilding Dataset Default
 Total number of entries for which BDT is evaluated= 2380
                         : Booking "BDT" of type "BDT" from bbar/weights/bbar_BDT_BDT_bbar.weights.xml.
                         : Reading weight file: bbar/weights/bbar_BDT_BDT_bbar.weights.xml
<HEADER> DataSetInfo              : [Default] : Added class "Signal"
<HEADER> DataSetInfo              : [Default] : Added class "Background"
                         : Booked classifier "BDT_bbar" of type: "BDT"
                         : Rebuilding Dataset Default
 Total number of entries for which BDT is evaluated= 2330
                         : Booking "BDT" of type "BDT" from bbar/weights/bbar_BDT_BDT_bbar.weights.xml.
                         : Reading weight file: bbar/weights/bbar_BDT_BDT_bbar.weights.xml
<HEADER> DataSetInfo              : [Default] : Added class "Signal"
<HEADER> DataSetInfo              : [Default] : Added class "Background"
                         : Booked classifier "BDT_bbar" of type: "BDT"
                         : Rebuilding Dataset Default
 Total number of entries for which BDT is evaluated= 42414
                         : Booking "BDT" of type "BDT" from bbar/weights/bbar_BDT_BDT_bbar.weights.xml.
                         : Reading weight file: bbar/weights/bbar_BDT_BDT_bbar.weights.xml
<HEADER> DataSetInfo              : [Default] : Added class "Signal"
<HEADER> DataSetInfo              : [Default] : Added class "Background"
                         : Booked classifier "BDT_bbar" of type: "BDT"
                         : Rebuilding Dataset Default
 Total number of entries for which BDT is evaluated= 42517
                         : Booking "BDT" of type "BDT" from bbar/weights/bbar_BDT_BDT_bbar.weights.xml.
                         : Reading weight file: bbar/weights/bbar_BDT_BDT_bbar.weights.xml
<HEADER> DataSetInfo              : [Default] : Added class "Signal"
<HEADER> DataSetInfo              : [Default] : Added class "Background"
                         : Booked classifier "BDT_bbar" of type: "BDT"
                         : Rebuilding Dataset Default
 Total number of entries for which BDT is evaluated= 42098
                         : Booking "BDT" of type "BDT" from bbar/weights/bbar_BDT_BDT_bbar.weights.xml.
                         : Reading weight file: bbar/weights/bbar_BDT_BDT_bbar.weights.xml
<HEADER> DataSetInfo              : [Default] : Added class "Signal"
<HEADER> DataSetInfo              : [Default] : Added class "Background"
                         : Booked classifier "BDT_bbar" of type: "BDT"
                         : Rebuilding Dataset Default
 Total number of entries for which BDT is evaluated= 42844
                         : Booking "BDT" of type "BDT" from bbar/weights/bbar_BDT_BDT_bbar.weights.xml.
                         : Reading weight file: bbar/weights/bbar_BDT_BDT_bbar.weights.xml
<HEADER> DataSetInfo              : [Default] : Added class "Signal"
<HEADER> DataSetInfo              : [Default] : Added class "Background"
                         : Booked classifier "BDT_bbar" of type: "BDT"
                         : Rebuilding Dataset Default
 Total number of entries for which BDT is evaluated= 42211
                         : Booking "BDT" of type "BDT" from bbar/weights/bbar_BDT_BDT_bbar.weights.xml.
                         : Reading weight file: bbar/weights/bbar_BDT_BDT_bbar.weights.xml
<HEADER> DataSetInfo              : [Default] : Added class "Signal"
<HEADER> DataSetInfo              : [Default] : Added class "Background"
                         : Booked classifier "BDT_bbar" of type: "BDT"
                         : Rebuilding Dataset Default
 Total number of entries for which BDT is evaluated= 42341
                         : Booking "BDT" of type "BDT" from bbar/weights/bbar_BDT_BDT_bbar.weights.xml.
                         : Reading weight file: bbar/weights/bbar_BDT_BDT_bbar.weights.xml
<HEADER> DataSetInfo              : [Default] : Added class "Signal"
<HEADER> DataSetInfo              : [Default] : Added class "Background"
                         : Booked classifier "BDT_bbar" of type: "BDT"
                         : Rebuilding Dataset Default
 Total number of entries for which BDT is evaluated= 41598
                         : Booking "BDT" of type "BDT" from bbar/weights/bbar_BDT_BDT_bbar.weights.xml.
                         : Reading weight file: bbar/weights/bbar_BDT_BDT_bbar.weights.xml
<HEADER> DataSetInfo              : [Default] : Added class "Signal"
<HEADER> DataSetInfo              : [Default] : Added class "Background"
                         : Booked classifier "BDT_bbar" of type: "BDT"
                         : Rebuilding Dataset Default
 Total number of entries for which BDT is evaluated= 42038
                         : Booking "BDT" of type "BDT" from bbar/weights/bbar_BDT_BDT_bbar.weights.xml.
                         : Reading weight file: bbar/weights/bbar_BDT_BDT_bbar.weights.xml
<HEADER> DataSetInfo              : [Default] : Added class "Signal"
<HEADER> DataSetInfo              : [Default] : Added class "Background"
                         : Booked classifier "BDT_bbar" of type: "BDT"
                         : Rebuilding Dataset Default
 Total number of entries for which BDT is evaluated= 42070
                         : Booking "BDT" of type "BDT" from bbar/weights/bbar_BDT_BDT_bbar.weights.xml.
                         : Reading weight file: bbar/weights/bbar_BDT_BDT_bbar.weights.xml
<HEADER> DataSetInfo              : [Default] : Added class "Signal"
<HEADER> DataSetInfo              : [Default] : Added class "Background"
                         : Booked classifier "BDT_bbar" of type: "BDT"
                         : Rebuilding Dataset Default
 Total number of entries for which BDT is evaluated= 42211
                         : Booking "BDT" of type "BDT" from bbar/weights/bbar_BDT_BDT_bbar.weights.xml.
                         : Reading weight file: bbar/weights/bbar_BDT_BDT_bbar.weights.xml
<HEADER> DataSetInfo              : [Default] : Added class "Signal"
<HEADER> DataSetInfo              : [Default] : Added class "Background"
                         : Booked classifier "BDT_bbar" of type: "BDT"
                         : Rebuilding Dataset Default
 Total number of entries for which BDT is evaluated= 28333
                         : Booking "BDT" of type "BDT" from bbar/weights/bbar_BDT_BDT_bbar.weights.xml.
                         : Reading weight file: bbar/weights/bbar_BDT_BDT_bbar.weights.xml
<HEADER> DataSetInfo              : [Default] : Added class "Signal"
<HEADER> DataSetInfo              : [Default] : Added class "Background"
                         : Booked classifier "BDT_bbar" of type: "BDT"
                         : Rebuilding Dataset Default
 Total number of entries for which BDT is evaluated= 28339
                         : Booking "BDT" of type "BDT" from bbar/weights/bbar_BDT_BDT_bbar.weights.xml.
                         : Reading weight file: bbar/weights/bbar_BDT_BDT_bbar.weights.xml
<HEADER> DataSetInfo              : [Default] : Added class "Signal"
<HEADER> DataSetInfo              : [Default] : Added class "Background"
                         : Booked classifier "BDT_bbar" of type: "BDT"
                         : Rebuilding Dataset Default
 Total number of entries for which BDT is evaluated= 28691
                         : Booking "BDT" of type "BDT" from bbar/weights/bbar_BDT_BDT_bbar.weights.xml.
                         : Reading weight file: bbar/weights/bbar_BDT_BDT_bbar.weights.xml
<HEADER> DataSetInfo              : [Default] : Added class "Signal"
<HEADER> DataSetInfo              : [Default] : Added class "Background"
                         : Booked classifier "BDT_bbar" of type: "BDT"
                         : Rebuilding Dataset Default
 Total number of entries for which BDT is evaluated= 28452
                         : Booking "BDT" of type "BDT" from bbar/weights/bbar_BDT_BDT_bbar.weights.xml.
                         : Reading weight file: bbar/weights/bbar_BDT_BDT_bbar.weights.xml
<HEADER> DataSetInfo              : [Default] : Added class "Signal"
<HEADER> DataSetInfo              : [Default] : Added class "Background"
                         : Booked classifier "BDT_bbar" of type: "BDT"
                         : Rebuilding Dataset Default
 Total number of entries for which BDT is evaluated= 28300
                         : Booking "BDT" of type "BDT" from bbar/weights/bbar_BDT_BDT_bbar.weights.xml.
                         : Reading weight file: bbar/weights/bbar_BDT_BDT_bbar.weights.xml
<HEADER> DataSetInfo              : [Default] : Added class "Signal"
<HEADER> DataSetInfo              : [Default] : Added class "Background"
                         : Booked classifier "BDT_bbar" of type: "BDT"
                         : Rebuilding Dataset Default
 Total number of entries for which BDT is evaluated= 28594
                         : Booking "BDT" of type "BDT" from bbar/weights/bbar_BDT_BDT_bbar.weights.xml.
                         : Reading weight file: bbar/weights/bbar_BDT_BDT_bbar.weights.xml
<HEADER> DataSetInfo              : [Default] : Added class "Signal"
<HEADER> DataSetInfo              : [Default] : Added class "Background"
                         : Booked classifier "BDT_bbar" of type: "BDT"
                         : Rebuilding Dataset Default
 Total number of entries for which BDT is evaluated= 28473
                         : Booking "BDT" of type "BDT" from bbar/weights/bbar_BDT_BDT_bbar.weights.xml.
                         : Reading weight file: bbar/weights/bbar_BDT_BDT_bbar.weights.xml
<HEADER> DataSetInfo              : [Default] : Added class "Signal"
<HEADER> DataSetInfo              : [Default] : Added class "Background"
                         : Booked classifier "BDT_bbar" of type: "BDT"
                         : Rebuilding Dataset Default
 Total number of entries for which BDT is evaluated= 28410
                         : Booking "BDT" of type "BDT" from bbar/weights/bbar_BDT_BDT_bbar.weights.xml.
                         : Reading weight file: bbar/weights/bbar_BDT_BDT_bbar.weights.xml
<HEADER> DataSetInfo              : [Default] : Added class "Signal"
<HEADER> DataSetInfo              : [Default] : Added class "Background"
                         : Booked classifier "BDT_bbar" of type: "BDT"
                         : Rebuilding Dataset Default
 Total number of entries for which BDT is evaluated= 28114
                         : Booking "BDT" of type "BDT" from bbar/weights/bbar_BDT_BDT_bbar.weights.xml.
                         : Reading weight file: bbar/weights/bbar_BDT_BDT_bbar.weights.xml
<HEADER> DataSetInfo              : [Default] : Added class "Signal"
<HEADER> DataSetInfo              : [Default] : Added class "Background"
                         : Booked classifier "BDT_bbar" of type: "BDT"
                         : Rebuilding Dataset Default
 Total number of entries for which BDT is evaluated= 28471
