
Processing bbar_MLP.C+...
DataSetInfo              : [bbar_MLP] : Added class "Signal"
                         : Add Tree incl of type Signal with 8317 events
DataSetInfo              : [bbar_MLP] : Added class "Background"
                         : Add Tree incl of type Background with 42414 events
                         : Add Tree incl of type Background with 42517 events
                         : Add Tree incl of type Background with 42098 events
                         : Add Tree incl of type Background with 42844 events
                         : Add Tree incl of type Background with 42211 events
                         : Add Tree incl of type Background with 42341 events
                         : Add Tree incl of type Background with 41598 events
                         : Add Tree incl of type Background with 42038 events
                         : Add Tree incl of type Background with 42070 events
                         : Add Tree incl of type Background with 42211 events
                         : Add Tree incl of type Background with 28333 events
                         : Add Tree incl of type Background with 28339 events
                         : Add Tree incl of type Background with 28691 events
                         : Add Tree incl of type Background with 28452 events
                         : Add Tree incl of type Background with 28300 events
                         : Add Tree incl of type Background with 28594 events
                         : Add Tree incl of type Background with 28473 events
                         : Add Tree incl of type Background with 28410 events
                         : Add Tree incl of type Background with 28114 events
                         : Add Tree incl of type Background with 28471 events
Factory                  : Booking method: [1mMLP[0m
                         : 
MLP                      : [bbar_MLP] : Create Transformation "N" with events from all classes.
                         : 
                         : Transformation, Variable selection : 
                         : Input : variable 'deltaE_Btag' <---> Output : variable 'deltaE_Btag'
                         : Input : variable 'p_ltag' <---> Output : variable 'p_ltag'
                         : Input : variable 'm_ROE' <---> Output : variable 'm_ROE'
                         : Input : variable 'nLepton' <---> Output : variable 'nLepton'
                         : Input : variable 'nPhotonsSelected' <---> Output : variable 'nPhotonsSelected'
                         : Input : variable 'best_sum' <---> Output : variable 'best_sum'
MLP                      : Building Network. 
                         : Initializing weights
Factory                  : [1mTrain all methods[0m
                         : Rebuilding Dataset bbar_MLP
                         : Building event vectors for type 2 Signal
                         : Dataset[bbar_MLP] :  create input formulas for tree incl
                         : Building event vectors for type 0 Background
                         : Dataset[bbar_MLP] :  create input formulas for tree incl
                         : Building event vectors for type 0 Background
                         : Dataset[bbar_MLP] :  create input formulas for tree incl
                         : Building event vectors for type 0 Background
                         : Dataset[bbar_MLP] :  create input formulas for tree incl
                         : Building event vectors for type 0 Background
                         : Dataset[bbar_MLP] :  create input formulas for tree incl
                         : Building event vectors for type 0 Background
                         : Dataset[bbar_MLP] :  create input formulas for tree incl
                         : Building event vectors for type 0 Background
                         : Dataset[bbar_MLP] :  create input formulas for tree incl
                         : Building event vectors for type 0 Background
                         : Dataset[bbar_MLP] :  create input formulas for tree incl
                         : Building event vectors for type 0 Background
                         : Dataset[bbar_MLP] :  create input formulas for tree incl
                         : Building event vectors for type 0 Background
                         : Dataset[bbar_MLP] :  create input formulas for tree incl
                         : Building event vectors for type 1 Background
                         : Dataset[bbar_MLP] :  create input formulas for tree incl
                         : Building event vectors for type 0 Background
                         : Dataset[bbar_MLP] :  create input formulas for tree incl
                         : Building event vectors for type 0 Background
                         : Dataset[bbar_MLP] :  create input formulas for tree incl
                         : Building event vectors for type 0 Background
                         : Dataset[bbar_MLP] :  create input formulas for tree incl
                         : Building event vectors for type 0 Background
                         : Dataset[bbar_MLP] :  create input formulas for tree incl
                         : Building event vectors for type 0 Background
                         : Dataset[bbar_MLP] :  create input formulas for tree incl
                         : Building event vectors for type 0 Background
                         : Dataset[bbar_MLP] :  create input formulas for tree incl
                         : Building event vectors for type 0 Background
                         : Dataset[bbar_MLP] :  create input formulas for tree incl
                         : Building event vectors for type 0 Background
                         : Dataset[bbar_MLP] :  create input formulas for tree incl
                         : Building event vectors for type 0 Background
                         : Dataset[bbar_MLP] :  create input formulas for tree incl
                         : Building event vectors for type 1 Background
                         : Dataset[bbar_MLP] :  create input formulas for tree incl
DataSetFactory           : [bbar_MLP] : Number of events in input trees
                         : Dataset[bbar_MLP] :     Signal     requirement: "((tauDecay_decayModeID==1 && Bsig_decayModeID==3 && abs(m_Kpi - 1.864) > 0.2 &&  m_Krho > 1.95 && m_ROE < 2.15 && MLP_continuum > 0.8)&&(deltaE_Btag<1 &&  deltaE_Btag >-4 && p_ltag < 2.5 && m_ROE<4 && best_sum > -50))&&(isSignalAcceptMissingNeutrino_Bsig==1)"
                         : Dataset[bbar_MLP] :     Signal          -- number of events passed: 1577   / sum of weights: 1577 
                         : Dataset[bbar_MLP] :     Signal          -- efficiency             : 0.189612
                         : Dataset[bbar_MLP] :     Background requirement: "(tauDecay_decayModeID==1 && Bsig_decayModeID==3 && abs(m_Kpi - 1.864) > 0.2 &&  m_Krho > 1.95 && m_ROE < 2.15 && MLP_continuum > 0.8)&&(deltaE_Btag<1 &&  deltaE_Btag >-4 && p_ltag < 2.5 && m_ROE<4 && best_sum > -50)"
                         : Dataset[bbar_MLP] :     Background      -- number of events passed: 33380  / sum of weights: 33380
                         : Dataset[bbar_MLP] :     Background      -- efficiency             : 0.0472457
                         : Dataset[bbar_MLP] :  you have opted for interpreting the requested number of training/testing events
                         :  to be the number of events AFTER your preselection cuts
                         : 
                         : Dataset[bbar_MLP] :  you have opted for interpreting the requested number of training/testing events
                         :  to be the number of events AFTER your preselection cuts
                         : 
                         : Dataset[bbar_MLP] : Weight renormalisation mode: "EqualNumEvents": renormalises all event classes ...
                         : Dataset[bbar_MLP] :  such that the effective (weighted) number of events in each class is the same 
                         : Dataset[bbar_MLP] :  (and equals the number of events (entries) given for class=0 )
                         : Dataset[bbar_MLP] : ... i.e. such that Sum[i=1..N_j]{w_i} = N_classA, j=classA, classB, ...
                         : Dataset[bbar_MLP] : ... (note that N_j is the sum of TRAINING events
                         : Dataset[bbar_MLP] :  ..... Testing events are not renormalised nor included in the renormalisation factor!)
                         : Number of training and testing events
                         : ---------------------------------------------------------------------------
                         : Signal     -- training events            : 1419
                         : Signal     -- testing events             : 158
                         : Signal     -- training and testing events: 1577
                         : Dataset[bbar_MLP] : Signal     -- due to the preselection a scaling factor has been applied to the numbers of requested events: 0.189612
                         : Background -- training events            : 30042
                         : Background -- testing events             : 3338
                         : Background -- training and testing events: 33380
                         : Dataset[bbar_MLP] : Background -- due to the preselection a scaling factor has been applied to the numbers of requested events: 0.0472457
                         : 
DataSetInfo              : Correlation matrix (Signal):
                         : -------------------------------------------------------------------------------
                         :                   deltaE_Btag  p_ltag   m_ROE nLepton nPhotonsSelected best_sum
                         :      deltaE_Btag:      +1.000  +0.799  +0.179  -0.085           +0.009   +0.531
                         :           p_ltag:      +0.799  +1.000  -0.082  -0.083           +0.024   +0.430
                         :            m_ROE:      +0.179  -0.082  +1.000  -0.002           +0.123   +0.025
                         :          nLepton:      -0.085  -0.083  -0.002  +1.000           -0.077   -0.072
                         : nPhotonsSelected:      +0.009  +0.024  +0.123  -0.077           +1.000   -0.010
                         :         best_sum:      +0.531  +0.430  +0.025  -0.072           -0.010   +1.000
                         : -------------------------------------------------------------------------------
DataSetInfo              : Correlation matrix (Background):
                         : -------------------------------------------------------------------------------
                         :                   deltaE_Btag  p_ltag   m_ROE nLepton nPhotonsSelected best_sum
                         :      deltaE_Btag:      +1.000  +0.868  +0.143  -0.083           -0.029   +0.674
                         :           p_ltag:      +0.868  +1.000  -0.106  -0.125           -0.003   +0.569
                         :            m_ROE:      +0.143  -0.106  +1.000  +0.037           +0.038   +0.047
                         :          nLepton:      -0.083  -0.125  +0.037  +1.000           -0.099   -0.037
                         : nPhotonsSelected:      -0.029  -0.003  +0.038  -0.099           +1.000   -0.051
                         :         best_sum:      +0.674  +0.569  +0.047  -0.037           -0.051   +1.000
                         : -------------------------------------------------------------------------------
DataSetFactory           : [bbar_MLP] :  
                         : 
Factory                  : [bbar_MLP] : Create Transformation "I" with events from all classes.
                         : 
                         : Transformation, Variable selection : 
                         : Input : variable 'deltaE_Btag' <---> Output : variable 'deltaE_Btag'
                         : Input : variable 'p_ltag' <---> Output : variable 'p_ltag'
                         : Input : variable 'm_ROE' <---> Output : variable 'm_ROE'
                         : Input : variable 'nLepton' <---> Output : variable 'nLepton'
                         : Input : variable 'nPhotonsSelected' <---> Output : variable 'nPhotonsSelected'
                         : Input : variable 'best_sum' <---> Output : variable 'best_sum'
TFHandler_Factory        :         Variable                Mean                RMS        [        Min                Max ]
                         : ---------------------------------------------------------------------------------------------------
                         :      deltaE_Btag:           -1.7109           0.58651   [           -3.5080           0.59127 ]
                         :           p_ltag:            1.2725           0.50692   [          0.055506            2.4417 ]
                         :            m_ROE:            1.8644           0.15426   [           0.68537            2.1500 ]
                         :          nLepton:            2.2036           0.45612   [            2.0000            6.0000 ]
                         : nPhotonsSelected:            4.4858            1.7255   [            2.0000            13.000 ]
                         :         best_sum:           -2.7982            5.3053   [           -49.871            6.1744 ]
                         : ---------------------------------------------------------------------------------------------------
                         : Ranking input variables (method unspecific)...
IdTransformation         : Ranking result (top variable is best ranked)
                         : -----------------------------------------
                         : Rank : Variable         : Separation
                         : -----------------------------------------
                         :    1 : best_sum         : 1.509e-01
                         :    2 : deltaE_Btag      : 8.344e-02
                         :    3 : p_ltag           : 5.809e-02
                         :    4 : nPhotonsSelected : 4.174e-02
                         :    5 : m_ROE            : 3.035e-02
                         :    6 : nLepton          : 6.566e-03
                         : -----------------------------------------
Factory                  : Train method: MLP for Classification
                         : 
                         : 
                         : [1m================================================================[0m
                         : [1mH e l p   f o r   M V A   m e t h o d   [ MLP ] :[0m
                         : 
                         : [1m--- Short description:[0m
                         : 
                         : The MLP artificial neural network (ANN) is a traditional feed-
                         : forward multilayer perceptron implementation. The MLP has a user-
                         : defined hidden layer architecture, while the number of input (output)
                         : nodes is determined by the input variables (output classes, i.e., 
                         : signal and one background). 
                         : 
                         : [1m--- Performance optimisation:[0m
                         : 
                         : Neural networks are stable and performing for a large variety of 
                         : linear and non-linear classification problems. However, in contrast
                         : to (e.g.) boosted decision trees, the user is advised to reduce the 
                         : number of input variables that have only little discrimination power. 
                         : 
                         : In the tests we have carried out so far, the MLP and ROOT networks
                         : (TMlpANN, interfaced via TMVA) performed equally well, with however
                         : a clear speed advantage for the MLP. The Clermont-Ferrand neural 
                         : net (CFMlpANN) exhibited worse classification performance in these
                         : tests, which is partly due to the slow convergence of its training
                         : (at least 10k training cycles are required to achieve approximately
                         : competitive results).
                         : 
                         : [1mOvertraining: [0monly the TMlpANN performs an explicit separation of the
                         : full training sample into independent training and validation samples.
                         : We have found that in most high-energy physics applications the 
                         : available degrees of freedom (training events) are sufficient to 
                         : constrain the weights of the relatively simple architectures required
                         : to achieve good performance. Hence no overtraining should occur, and 
                         : the use of validation samples would only reduce the available training
                         : information. However, if the performance on the training sample is 
                         : found to be significantly better than the one found with the inde-
                         : pendent test sample, caution is needed. The results for these samples 
                         : are printed to standard output at the end of each training job.
                         : 
                         : [1m--- Performance tuning via configuration options:[0m
                         : 
                         : The hidden layer architecture for all ANNs is defined by the option
                         : "HiddenLayers=N+1,N,...", where here the first hidden layer has N+1
                         : neurons and the second N neurons (and so on), and where N is the number  
                         : of input variables. Excessive numbers of hidden layers should be avoided,
                         : in favour of more neurons in the first hidden layer.
                         : 
                         : The number of cycles should be above 500. As said, if the number of
                         : adjustable weights is small compared to the training sample size,
                         : using a large number of training samples should not lead to overtraining.
                         : 
                         : <Suppress this message by specifying "!H" in the booking option>
                         : [1m================================================================[0m
                         : 
TFHandler_MLP            :         Variable                Mean                RMS        [        Min                Max ]
                         : ---------------------------------------------------------------------------------------------------
                         :      deltaE_Btag:          -0.12320           0.28615   [           -1.0000            1.0000 ]
                         :           p_ltag:          0.020051           0.42487   [           -1.0000            1.0000 ]
                         :            m_ROE:           0.61000           0.21065   [           -1.0000            1.0000 ]
                         :          nLepton:          -0.89822           0.22806   [           -1.0000            1.0000 ]
                         : nPhotonsSelected:          -0.54804           0.31373   [           -1.0000            1.0000 ]
                         :         best_sum:           0.67981           0.18932   [           -1.0000            1.0000 ]
                         : ---------------------------------------------------------------------------------------------------
                         : Training Network
                         : 
                         : Elapsed time for training with 31461 events: [1;31m70.6 sec[0m         
MLP                      : [bbar_MLP] : Evaluation of MLP on training sample (31461 events)
                         : Elapsed time for evaluation of 31461 events: [1;31m0.0497 sec[0m       
                         : Creating xml weight file: [0;36mbbar_MLP/weights/bbar_MLP_MLP.weights.xml[0m
                         : Creating standalone class: [0;36mbbar_MLP/weights/bbar_MLP_MLP.class.C[0m
                         : Write special histos to file: bbar_MLP.root:/bbar_MLP/Method_MLP/MLP
Factory                  : Training finished
                         : 
                         : Ranking input variables (method specific)...
MLP                      : Ranking result (top variable is best ranked)
                         : -----------------------------------------
                         : Rank : Variable         : Importance
                         : -----------------------------------------
                         :    1 : best_sum         : 3.692e+01
                         :    2 : nLepton          : 1.145e+01
                         :    3 : m_ROE            : 7.276e+00
                         :    4 : nPhotonsSelected : 4.431e+00
                         :    5 : p_ltag           : 3.191e+00
                         :    6 : deltaE_Btag      : 2.851e+00
                         : -----------------------------------------
Factory                  : === Destroy and recreate all methods via weight files for testing ===
                         : 
                         : Reading weight file: [0;36mbbar_MLP/weights/bbar_MLP_MLP.weights.xml[0m
MLP                      : Building Network. 
                         : Initializing weights
Factory                  : [1mTest all methods[0m
Factory                  : Test method: MLP for Classification performance
                         : 
MLP                      : [bbar_MLP] : Evaluation of MLP on testing sample (3496 events)
                         : Elapsed time for evaluation of 3496 events: [1;31m0.00727 sec[0m       
Factory                  : [1mEvaluate all methods[0m
Factory                  : Evaluate classifier: MLP
                         : 
TFHandler_MLP            :         Variable                Mean                RMS        [        Min                Max ]
                         : ---------------------------------------------------------------------------------------------------
                         :      deltaE_Btag:          -0.20163           0.29014   [          -0.99830           0.84012 ]
                         :           p_ltag:         -0.072894           0.44609   [           -1.0025            1.0135 ]
                         :            m_ROE:           0.63166           0.21562   [         -0.012966           0.99996 ]
                         :          nLepton:          -0.87572           0.25157   [           -1.0000           0.50000 ]
                         : nPhotonsSelected:          -0.48700           0.33910   [           -1.0000            1.0000 ]
                         :         best_sum:           0.63619           0.23135   [          -0.98012           0.94969 ]
                         : ---------------------------------------------------------------------------------------------------
MLP                      : [bbar_MLP] : Loop over test events and fill histograms with classifier response...
                         : 
TFHandler_MLP            :         Variable                Mean                RMS        [        Min                Max ]
                         : ---------------------------------------------------------------------------------------------------
                         :      deltaE_Btag:          -0.20163           0.29014   [          -0.99830           0.84012 ]
                         :           p_ltag:         -0.072894           0.44609   [           -1.0025            1.0135 ]
                         :            m_ROE:           0.63166           0.21562   [         -0.012966           0.99996 ]
                         :          nLepton:          -0.87572           0.25157   [           -1.0000           0.50000 ]
                         : nPhotonsSelected:          -0.48700           0.33910   [           -1.0000            1.0000 ]
                         :         best_sum:           0.63619           0.23135   [          -0.98012           0.94969 ]
                         : ---------------------------------------------------------------------------------------------------
                         : 
                         : Evaluation results ranked by best signal efficiency and purity (area)
                         : -------------------------------------------------------------------------------------------------------------------
                         : DataSet       MVA                       
                         : Name:         Method:          ROC-integ
                         : bbar_MLP      MLP            : 0.748
                         : -------------------------------------------------------------------------------------------------------------------
                         : 
                         : Testing efficiency compared to training efficiency (overtraining check)
                         : -------------------------------------------------------------------------------------------------------------------
                         : DataSet              MVA              Signal efficiency: from test sample (from training sample) 
                         : Name:                Method:          @B=0.01             @B=0.10            @B=0.30   
                         : -------------------------------------------------------------------------------------------------------------------
                         : bbar_MLP             MLP            : 0.077 (0.075)       0.386 (0.373)      0.683 (0.677)
                         : -------------------------------------------------------------------------------------------------------------------
                         : 
Dataset:bbar_MLP         : Created tree 'TestTree' with 3496 events
                         : 
Dataset:bbar_MLP         : Created tree 'TrainTree' with 31461 events
                         : 
Factory                  : [1mThank you for using TMVA![0m
                         : [1mFor citation information, please visit: http://tmva.sf.net/citeTMVA.html[0m
                         : Booking "MLP" of type "MLP" from bbar_MLP/weights/bbar_MLP_MLP.weights.xml.
                         : Reading weight file: bbar_MLP/weights/bbar_MLP_MLP.weights.xml
<HEADER> DataSetInfo              : [Default] : Added class "Signal"
<HEADER> DataSetInfo              : [Default] : Added class "Background"
<HEADER> MLP                      : Building Network. 
                         : Initializing weights
                         : Booked classifier "MLP" of type: "MLP"
                         : Rebuilding Dataset Default
 Total number of entries for which MLP is evaluated= 8317
                         : Booking "MLP" of type "MLP" from bbar_MLP/weights/bbar_MLP_MLP.weights.xml.
                         : Reading weight file: bbar_MLP/weights/bbar_MLP_MLP.weights.xml
<HEADER> DataSetInfo              : [Default] : Added class "Signal"
<HEADER> DataSetInfo              : [Default] : Added class "Background"
<HEADER> MLP                      : Building Network. 
                         : Initializing weights
                         : Booked classifier "MLP" of type: "MLP"
                         : Rebuilding Dataset Default
 Total number of entries for which MLP is evaluated= 8198
                         : Booking "MLP" of type "MLP" from bbar_MLP/weights/bbar_MLP_MLP.weights.xml.
                         : Reading weight file: bbar_MLP/weights/bbar_MLP_MLP.weights.xml
<HEADER> DataSetInfo              : [Default] : Added class "Signal"
<HEADER> DataSetInfo              : [Default] : Added class "Background"
<HEADER> MLP                      : Building Network. 
                         : Initializing weights
                         : Booked classifier "MLP" of type: "MLP"
                         : Rebuilding Dataset Default
 Total number of entries for which MLP is evaluated= 8249
                         : Booking "MLP" of type "MLP" from bbar_MLP/weights/bbar_MLP_MLP.weights.xml.
                         : Reading weight file: bbar_MLP/weights/bbar_MLP_MLP.weights.xml
<HEADER> DataSetInfo              : [Default] : Added class "Signal"
<HEADER> DataSetInfo              : [Default] : Added class "Background"
<HEADER> MLP                      : Building Network. 
                         : Initializing weights
                         : Booked classifier "MLP" of type: "MLP"
                         : Rebuilding Dataset Default
 Total number of entries for which MLP is evaluated= 8546
                         : Booking "MLP" of type "MLP" from bbar_MLP/weights/bbar_MLP_MLP.weights.xml.
                         : Reading weight file: bbar_MLP/weights/bbar_MLP_MLP.weights.xml
<HEADER> DataSetInfo              : [Default] : Added class "Signal"
<HEADER> DataSetInfo              : [Default] : Added class "Background"
<HEADER> MLP                      : Building Network. 
                         : Initializing weights
                         : Booked classifier "MLP" of type: "MLP"
                         : Rebuilding Dataset Default
 Total number of entries for which MLP is evaluated= 8340
                         : Booking "MLP" of type "MLP" from bbar_MLP/weights/bbar_MLP_MLP.weights.xml.
                         : Reading weight file: bbar_MLP/weights/bbar_MLP_MLP.weights.xml
<HEADER> DataSetInfo              : [Default] : Added class "Signal"
<HEADER> DataSetInfo              : [Default] : Added class "Background"
<HEADER> MLP                      : Building Network. 
                         : Initializing weights
                         : Booked classifier "MLP" of type: "MLP"
                         : Rebuilding Dataset Default
 Total number of entries for which MLP is evaluated= 8193
                         : Booking "MLP" of type "MLP" from bbar_MLP/weights/bbar_MLP_MLP.weights.xml.
                         : Reading weight file: bbar_MLP/weights/bbar_MLP_MLP.weights.xml
<HEADER> DataSetInfo              : [Default] : Added class "Signal"
<HEADER> DataSetInfo              : [Default] : Added class "Background"
<HEADER> MLP                      : Building Network. 
                         : Initializing weights
                         : Booked classifier "MLP" of type: "MLP"
                         : Rebuilding Dataset Default
 Total number of entries for which MLP is evaluated= 8278
                         : Booking "MLP" of type "MLP" from bbar_MLP/weights/bbar_MLP_MLP.weights.xml.
                         : Reading weight file: bbar_MLP/weights/bbar_MLP_MLP.weights.xml
<HEADER> DataSetInfo              : [Default] : Added class "Signal"
<HEADER> DataSetInfo              : [Default] : Added class "Background"
<HEADER> MLP                      : Building Network. 
                         : Initializing weights
                         : Booked classifier "MLP" of type: "MLP"
                         : Rebuilding Dataset Default
 Total number of entries for which MLP is evaluated= 2337
                         : Booking "MLP" of type "MLP" from bbar_MLP/weights/bbar_MLP_MLP.weights.xml.
                         : Reading weight file: bbar_MLP/weights/bbar_MLP_MLP.weights.xml
<HEADER> DataSetInfo              : [Default] : Added class "Signal"
<HEADER> DataSetInfo              : [Default] : Added class "Background"
<HEADER> MLP                      : Building Network. 
                         : Initializing weights
                         : Booked classifier "MLP" of type: "MLP"
                         : Rebuilding Dataset Default
 Total number of entries for which MLP is evaluated= 2233
                         : Booking "MLP" of type "MLP" from bbar_MLP/weights/bbar_MLP_MLP.weights.xml.
                         : Reading weight file: bbar_MLP/weights/bbar_MLP_MLP.weights.xml
<HEADER> DataSetInfo              : [Default] : Added class "Signal"
<HEADER> DataSetInfo              : [Default] : Added class "Background"
<HEADER> MLP                      : Building Network. 
                         : Initializing weights
                         : Booked classifier "MLP" of type: "MLP"
                         : Rebuilding Dataset Default
 Total number of entries for which MLP is evaluated= 2376
                         : Booking "MLP" of type "MLP" from bbar_MLP/weights/bbar_MLP_MLP.weights.xml.
                         : Reading weight file: bbar_MLP/weights/bbar_MLP_MLP.weights.xml
<HEADER> DataSetInfo              : [Default] : Added class "Signal"
<HEADER> DataSetInfo              : [Default] : Added class "Background"
<HEADER> MLP                      : Building Network. 
                         : Initializing weights
                         : Booked classifier "MLP" of type: "MLP"
                         : Rebuilding Dataset Default
 Total number of entries for which MLP is evaluated= 2322
                         : Booking "MLP" of type "MLP" from bbar_MLP/weights/bbar_MLP_MLP.weights.xml.
                         : Reading weight file: bbar_MLP/weights/bbar_MLP_MLP.weights.xml
<HEADER> DataSetInfo              : [Default] : Added class "Signal"
<HEADER> DataSetInfo              : [Default] : Added class "Background"
<HEADER> MLP                      : Building Network. 
                         : Initializing weights
                         : Booked classifier "MLP" of type: "MLP"
                         : Rebuilding Dataset Default
 Total number of entries for which MLP is evaluated= 2380
                         : Booking "MLP" of type "MLP" from bbar_MLP/weights/bbar_MLP_MLP.weights.xml.
                         : Reading weight file: bbar_MLP/weights/bbar_MLP_MLP.weights.xml
<HEADER> DataSetInfo              : [Default] : Added class "Signal"
<HEADER> DataSetInfo              : [Default] : Added class "Background"
<HEADER> MLP                      : Building Network. 
                         : Initializing weights
                         : Booked classifier "MLP" of type: "MLP"
                         : Rebuilding Dataset Default
 Total number of entries for which MLP is evaluated= 2330
                         : Booking "MLP" of type "MLP" from bbar_MLP/weights/bbar_MLP_MLP.weights.xml.
                         : Reading weight file: bbar_MLP/weights/bbar_MLP_MLP.weights.xml
<HEADER> DataSetInfo              : [Default] : Added class "Signal"
<HEADER> DataSetInfo              : [Default] : Added class "Background"
<HEADER> MLP                      : Building Network. 
                         : Initializing weights
                         : Booked classifier "MLP" of type: "MLP"
                         : Rebuilding Dataset Default
 Total number of entries for which MLP is evaluated= 42414
                         : Booking "MLP" of type "MLP" from bbar_MLP/weights/bbar_MLP_MLP.weights.xml.
                         : Reading weight file: bbar_MLP/weights/bbar_MLP_MLP.weights.xml
<HEADER> DataSetInfo              : [Default] : Added class "Signal"
<HEADER> DataSetInfo              : [Default] : Added class "Background"
<HEADER> MLP                      : Building Network. 
                         : Initializing weights
                         : Booked classifier "MLP" of type: "MLP"
                         : Rebuilding Dataset Default
 Total number of entries for which MLP is evaluated= 42517
                         : Booking "MLP" of type "MLP" from bbar_MLP/weights/bbar_MLP_MLP.weights.xml.
                         : Reading weight file: bbar_MLP/weights/bbar_MLP_MLP.weights.xml
<HEADER> DataSetInfo              : [Default] : Added class "Signal"
<HEADER> DataSetInfo              : [Default] : Added class "Background"
<HEADER> MLP                      : Building Network. 
                         : Initializing weights
                         : Booked classifier "MLP" of type: "MLP"
                         : Rebuilding Dataset Default
 Total number of entries for which MLP is evaluated= 42098
                         : Booking "MLP" of type "MLP" from bbar_MLP/weights/bbar_MLP_MLP.weights.xml.
                         : Reading weight file: bbar_MLP/weights/bbar_MLP_MLP.weights.xml
<HEADER> DataSetInfo              : [Default] : Added class "Signal"
<HEADER> DataSetInfo              : [Default] : Added class "Background"
<HEADER> MLP                      : Building Network. 
                         : Initializing weights
                         : Booked classifier "MLP" of type: "MLP"
                         : Rebuilding Dataset Default
 Total number of entries for which MLP is evaluated= 42844
                         : Booking "MLP" of type "MLP" from bbar_MLP/weights/bbar_MLP_MLP.weights.xml.
                         : Reading weight file: bbar_MLP/weights/bbar_MLP_MLP.weights.xml
<HEADER> DataSetInfo              : [Default] : Added class "Signal"
<HEADER> DataSetInfo              : [Default] : Added class "Background"
<HEADER> MLP                      : Building Network. 
                         : Initializing weights
                         : Booked classifier "MLP" of type: "MLP"
                         : Rebuilding Dataset Default
 Total number of entries for which MLP is evaluated= 42211
                         : Booking "MLP" of type "MLP" from bbar_MLP/weights/bbar_MLP_MLP.weights.xml.
                         : Reading weight file: bbar_MLP/weights/bbar_MLP_MLP.weights.xml
<HEADER> DataSetInfo              : [Default] : Added class "Signal"
<HEADER> DataSetInfo              : [Default] : Added class "Background"
<HEADER> MLP                      : Building Network. 
                         : Initializing weights
                         : Booked classifier "MLP" of type: "MLP"
                         : Rebuilding Dataset Default
 Total number of entries for which MLP is evaluated= 42341
                         : Booking "MLP" of type "MLP" from bbar_MLP/weights/bbar_MLP_MLP.weights.xml.
                         : Reading weight file: bbar_MLP/weights/bbar_MLP_MLP.weights.xml
<HEADER> DataSetInfo              : [Default] : Added class "Signal"
<HEADER> DataSetInfo              : [Default] : Added class "Background"
<HEADER> MLP                      : Building Network. 
                         : Initializing weights
                         : Booked classifier "MLP" of type: "MLP"
                         : Rebuilding Dataset Default
 Total number of entries for which MLP is evaluated= 41598
                         : Booking "MLP" of type "MLP" from bbar_MLP/weights/bbar_MLP_MLP.weights.xml.
                         : Reading weight file: bbar_MLP/weights/bbar_MLP_MLP.weights.xml
<HEADER> DataSetInfo              : [Default] : Added class "Signal"
<HEADER> DataSetInfo              : [Default] : Added class "Background"
<HEADER> MLP                      : Building Network. 
                         : Initializing weights
                         : Booked classifier "MLP" of type: "MLP"
                         : Rebuilding Dataset Default
 Total number of entries for which MLP is evaluated= 42038
                         : Booking "MLP" of type "MLP" from bbar_MLP/weights/bbar_MLP_MLP.weights.xml.
                         : Reading weight file: bbar_MLP/weights/bbar_MLP_MLP.weights.xml
<HEADER> DataSetInfo              : [Default] : Added class "Signal"
<HEADER> DataSetInfo              : [Default] : Added class "Background"
<HEADER> MLP                      : Building Network. 
                         : Initializing weights
                         : Booked classifier "MLP" of type: "MLP"
                         : Rebuilding Dataset Default
 Total number of entries for which MLP is evaluated= 42070
                         : Booking "MLP" of type "MLP" from bbar_MLP/weights/bbar_MLP_MLP.weights.xml.
                         : Reading weight file: bbar_MLP/weights/bbar_MLP_MLP.weights.xml
<HEADER> DataSetInfo              : [Default] : Added class "Signal"
<HEADER> DataSetInfo              : [Default] : Added class "Background"
<HEADER> MLP                      : Building Network. 
                         : Initializing weights
                         : Booked classifier "MLP" of type: "MLP"
                         : Rebuilding Dataset Default
 Total number of entries for which MLP is evaluated= 42211
                         : Booking "MLP" of type "MLP" from bbar_MLP/weights/bbar_MLP_MLP.weights.xml.
                         : Reading weight file: bbar_MLP/weights/bbar_MLP_MLP.weights.xml
<HEADER> DataSetInfo              : [Default] : Added class "Signal"
<HEADER> DataSetInfo              : [Default] : Added class "Background"
<HEADER> MLP                      : Building Network. 
                         : Initializing weights
                         : Booked classifier "MLP" of type: "MLP"
                         : Rebuilding Dataset Default
 Total number of entries for which MLP is evaluated= 28333
                         : Booking "MLP" of type "MLP" from bbar_MLP/weights/bbar_MLP_MLP.weights.xml.
                         : Reading weight file: bbar_MLP/weights/bbar_MLP_MLP.weights.xml
<HEADER> DataSetInfo              : [Default] : Added class "Signal"
<HEADER> DataSetInfo              : [Default] : Added class "Background"
<HEADER> MLP                      : Building Network. 
                         : Initializing weights
                         : Booked classifier "MLP" of type: "MLP"
                         : Rebuilding Dataset Default
 Total number of entries for which MLP is evaluated= 28339
                         : Booking "MLP" of type "MLP" from bbar_MLP/weights/bbar_MLP_MLP.weights.xml.
                         : Reading weight file: bbar_MLP/weights/bbar_MLP_MLP.weights.xml
<HEADER> DataSetInfo              : [Default] : Added class "Signal"
<HEADER> DataSetInfo              : [Default] : Added class "Background"
<HEADER> MLP                      : Building Network. 
                         : Initializing weights
                         : Booked classifier "MLP" of type: "MLP"
                         : Rebuilding Dataset Default
 Total number of entries for which MLP is evaluated= 28691
                         : Booking "MLP" of type "MLP" from bbar_MLP/weights/bbar_MLP_MLP.weights.xml.
                         : Reading weight file: bbar_MLP/weights/bbar_MLP_MLP.weights.xml
<HEADER> DataSetInfo              : [Default] : Added class "Signal"
<HEADER> DataSetInfo              : [Default] : Added class "Background"
<HEADER> MLP                      : Building Network. 
                         : Initializing weights
                         : Booked classifier "MLP" of type: "MLP"
                         : Rebuilding Dataset Default
 Total number of entries for which MLP is evaluated= 28452
                         : Booking "MLP" of type "MLP" from bbar_MLP/weights/bbar_MLP_MLP.weights.xml.
                         : Reading weight file: bbar_MLP/weights/bbar_MLP_MLP.weights.xml
<HEADER> DataSetInfo              : [Default] : Added class "Signal"
<HEADER> DataSetInfo              : [Default] : Added class "Background"
<HEADER> MLP                      : Building Network. 
                         : Initializing weights
                         : Booked classifier "MLP" of type: "MLP"
                         : Rebuilding Dataset Default
 Total number of entries for which MLP is evaluated= 28300
                         : Booking "MLP" of type "MLP" from bbar_MLP/weights/bbar_MLP_MLP.weights.xml.
                         : Reading weight file: bbar_MLP/weights/bbar_MLP_MLP.weights.xml
<HEADER> DataSetInfo              : [Default] : Added class "Signal"
<HEADER> DataSetInfo              : [Default] : Added class "Background"
<HEADER> MLP                      : Building Network. 
                         : Initializing weights
                         : Booked classifier "MLP" of type: "MLP"
                         : Rebuilding Dataset Default
 Total number of entries for which MLP is evaluated= 28594
                         : Booking "MLP" of type "MLP" from bbar_MLP/weights/bbar_MLP_MLP.weights.xml.
                         : Reading weight file: bbar_MLP/weights/bbar_MLP_MLP.weights.xml
<HEADER> DataSetInfo              : [Default] : Added class "Signal"
<HEADER> DataSetInfo              : [Default] : Added class "Background"
<HEADER> MLP                      : Building Network. 
                         : Initializing weights
                         : Booked classifier "MLP" of type: "MLP"
                         : Rebuilding Dataset Default
 Total number of entries for which MLP is evaluated= 28473
                         : Booking "MLP" of type "MLP" from bbar_MLP/weights/bbar_MLP_MLP.weights.xml.
                         : Reading weight file: bbar_MLP/weights/bbar_MLP_MLP.weights.xml
<HEADER> DataSetInfo              : [Default] : Added class "Signal"
<HEADER> DataSetInfo              : [Default] : Added class "Background"
<HEADER> MLP                      : Building Network. 
                         : Initializing weights
                         : Booked classifier "MLP" of type: "MLP"
                         : Rebuilding Dataset Default
 Total number of entries for which MLP is evaluated= 28410
                         : Booking "MLP" of type "MLP" from bbar_MLP/weights/bbar_MLP_MLP.weights.xml.
                         : Reading weight file: bbar_MLP/weights/bbar_MLP_MLP.weights.xml
<HEADER> DataSetInfo              : [Default] : Added class "Signal"
<HEADER> DataSetInfo              : [Default] : Added class "Background"
<HEADER> MLP                      : Building Network. 
                         : Initializing weights
                         : Booked classifier "MLP" of type: "MLP"
                         : Rebuilding Dataset Default
 Total number of entries for which MLP is evaluated= 28114
                         : Booking "MLP" of type "MLP" from bbar_MLP/weights/bbar_MLP_MLP.weights.xml.
                         : Reading weight file: bbar_MLP/weights/bbar_MLP_MLP.weights.xml
<HEADER> DataSetInfo              : [Default] : Added class "Signal"
<HEADER> DataSetInfo              : [Default] : Added class "Background"
<HEADER> MLP                      : Building Network. 
                         : Initializing weights
                         : Booked classifier "MLP" of type: "MLP"
                         : Rebuilding Dataset Default
 Total number of entries for which MLP is evaluated= 28471
