
Processing punzi_MLP.C+...
-0.8 3506 18030 0.00748512
-0.79 3506 18030 0.00748512
-0.78 3506 18030 0.00748512
-0.77 3506 18030 0.00748512
-0.76 3506 18030 0.00748512
-0.75 3506 18030 0.00748512
-0.74 3506 18030 0.00748512
-0.73 3506 18030 0.00748512
-0.72 3506 18030 0.00748512
-0.71 3506 18030 0.00748512
-0.7 3506 18030 0.00748512
-0.69 3506 18030 0.00748512
-0.68 3506 18030 0.00748512
-0.67 3506 18030 0.00748512
-0.66 3506 18030 0.00748512
-0.65 3506 18030 0.00748512
-0.64 3506 18030 0.00748512
-0.63 3506 18030 0.00748512
-0.62 3506 18030 0.00748512
-0.61 3506 18030 0.00748512
-0.6 3506 18030 0.00748512
-0.59 3506 18030 0.00748512
-0.58 3506 18030 0.00748512
-0.57 3506 18030 0.00748512
-0.56 3506 18030 0.00748512
-0.55 3506 18030 0.00748512
-0.54 3506 18030 0.00748512
-0.53 3506 18030 0.00748512
-0.52 3506 18030 0.00748512
-0.51 3506 18030 0.00748512
-0.5 3506 18030 0.00748512
-0.49 3506 18030 0.00748512
-0.48 3506 18030 0.00748512
-0.47 3506 18030 0.00748512
-0.46 3506 18030 0.00748512
-0.45 3506 18030 0.00748512
-0.44 3506 18030 0.00748512
-0.43 3506 18030 0.00748512
-0.42 3506 18030 0.00748512
-0.41 3506 18030 0.00748512
-0.4 3506 18030 0.00748512
-0.39 3506 18030 0.00748512
-0.38 3506 18030 0.00748512
-0.37 3506 18030 0.00748512
-0.36 3506 18030 0.00748512
-0.35 3506 18030 0.00748512
-0.34 3506 18030 0.00748512
-0.33 3506 18030 0.00748512
-0.32 3506 18030 0.00748512
-0.31 3506 18030 0.00748512
-0.3 3506 18030 0.00748512
-0.29 3506 18030 0.00748512
-0.280001 3506 18030 0.00748512
-0.270001 3506 18030 0.00748512
-0.260001 3506 18030 0.00748512
-0.250001 3506 18030 0.00748512
-0.240001 3506 18030 0.00748512
-0.230001 3506 18030 0.00748512
-0.220001 3506 18030 0.00748512
-0.210001 3506 18030 0.00748512
-0.200001 3506 18030 0.00748512
-0.190001 3506 18030 0.00748512
-0.18 3506 18030 0.00748512
-0.17 3506 18030 0.00748512
-0.16 3506 18030 0.00748512
-0.15 3506 18030 0.00748512
-0.14 3506 18030 0.00748512
-0.13 3506 18030 0.00748512
-0.12 3506 18030 0.00748512
-0.11 3506 18030 0.00748512
-0.1 3506 18030 0.00748512
-0.0900005 3506 18030 0.00748512
-0.0800005 3506 18030 0.00748512
-0.0700005 3506 18030 0.00748512
-0.0600005 3506 18030 0.00748512
-0.0500005 3506 18030 0.00748512
-0.0400005 3506 18030 0.00748512
-0.0300005 3506 18030 0.00748512
-0.0200005 3506 18030 0.00748512
-0.0100005 3506 18030 0.00748512
-4.91738e-07 3506 18030 0.00748512
0.00999951 3451 11947 0.00899633
0.0199995 3425 10176 0.00964815
0.0299995 3413 9113 0.0101394
0.0399995 3396 8340 0.0105284
0.0499995 3372 7760 0.0108223
0.0599995 3360 7275 0.0111228
0.0699995 3347 6866 0.0113912
0.0799995 3330 6541 0.0115994
0.0899995 3325 6211 0.0118722
0.0999995 3319 5928 0.0121176
0.109999 3304 5661 0.0123309
0.119999 3296 5418 0.0125609
0.129999 3286 5211 0.0127572
0.139999 3271 5033 0.0129106
0.149999 3260 4879 0.0130586
0.16 3241 4713 0.0131976
0.17 3229 4559 0.0133576
0.18 3217 4430 0.0134903
0.19 3205 4295 0.0136385
0.2 3191 4170 0.01377
0.21 3177 4052 0.013897
0.22 3162 3939 0.0140175
0.23 3148 3844 0.0141172
0.24 3138 3732 0.0142701
0.25 3130 3626 0.0144284
0.26 3124 3528 0.0145878
0.27 3115 3442 0.0147157
0.28 3106 3367 0.014826
0.29 3098 3266 0.015001
0.3 3083 3181 0.0151144
0.309999 3071 3093 0.0152551
0.319999 3063 3013 0.0154034
0.329999 3053 2944 0.0155207
0.339999 3042 2892 0.0155943
0.349999 3035 2829 0.0157196
0.359999 3027 2765 0.0158468
0.369999 3017 2707 0.0159516
0.379999 3007 2640 0.0160859
0.389999 2998 2561 0.0162666
0.399999 2990 2506 0.0163881
0.409999 2979 2467 0.0164475
0.419999 2969 2417 0.0165493
0.429999 2960 2366 0.0166636
0.439999 2943 2318 0.0167264
0.449999 2933 2267 0.0168427
0.459999 2924 2209 0.0169941
0.469999 2914 2165 0.0170947
0.479999 2898 2113 0.0171934
0.489999 2884 2054 0.017336
0.499999 2869 2009 0.0174234
0.509999 2852 1960 0.0175188
0.519999 2833 1911 0.0176066
0.529999 2823 1864 0.017747
0.539999 2807 1821 0.0178372
0.549999 2799 1777 0.0179876
0.559999 2784 1746 0.0180366
0.569999 2774 1712 0.0181349
0.579999 2758 1673 0.018222
0.589999 2738 1630 0.0183072
0.599999 2726 1590 0.0184356
0.609999 2717 1554 0.0185683
0.619999 2699 1513 0.0186721
0.629999 2685 1474 0.018798
0.639999 2673 1439 0.0189203
0.649999 2662 1408 0.0190303
0.659999 2640 1379 0.0190527
0.669999 2625 1343 0.0191737
0.679999 2610 1308 0.0192941
0.689999 2595 1273 0.0194207
0.699999 2575 1224 0.0196167
0.709999 2547 1194 0.0196223
0.719999 2527 1160 0.0197239
0.729999 2508 1120 0.0198878
0.739999 2491 1080 0.020079
0.749999 2475 1050 0.0202042
0.759999 2455 1015 0.0203481
0.769999 2434 972 0.020569
0.779999 2416 925 0.0208739
0.789999 2390 880 0.0211132
0.799999 2365 848 0.0212391
The optimal cut for the MLP score is: 0.799999
Which recovers a punzi fom of: 0.0212391
